[2016-07-28 14:41:15] START
[2016-07-28 14:42:01] EDIT scrap2/models/db.py: 75
[2016-07-28 14:42:30] CREATE default/display_form.html: 0
[2016-07-28 14:42:39] CREATE default/test_func.html: 0
[2016-07-28 14:42:45] CREATE default/test_crud.html: 0
[2016-07-28 14:42:57] CREATE functest.py: 0
[2016-07-28 14:43:19] EDIT scrap2/views/default/test_crud.html: 0
[2016-07-28 14:43:25] EDIT scrap2/views/default/test_func.html: 1
[2016-07-28 14:43:32] EDIT scrap2/views/default/display_form.html: 0
[2016-07-28 14:43:40] EDIT scrap2/controllers/default.py: 18
[2016-07-28 14:46:41] EDIT scrap2/controllers/default.py: 0
[2016-07-28 14:46:41] EDIT scrap2/controllers/default.py: 0
[2016-07-28 14:48:58] EDIT scrap2/modules/functest.py: 78
[2016-07-28 14:57:52] EDIT scrap2/controllers/default.py: 9
[2016-07-28 14:58:02] EDIT scrap2/controllers/default.py: 0
[2016-07-28 14:58:51] EDIT scrap2/controllers/default.py: 0
[2016-07-28 14:58:54] EDIT scrap2/controllers/default.py: 0
[2016-07-28 15:18:31] EDIT scrap2/controllers/default.py: -3
[2016-07-28 15:18:48] EDIT scrap2/controllers/default.py: 1
[2016-07-28 15:19:01] CREATE default/user_choice.html: 0
[2016-07-28 15:19:19] EDIT scrap2/views/default/user_choice.html: 0
[2016-07-28 15:20:05] EDIT scrap2/controllers/default.py: 0
[2016-07-28 15:24:46] EDIT scrap2/controllers/default.py: 1
[2016-07-28 15:24:56] EDIT scrap2/controllers/default.py: 0
[2016-07-28 15:27:00] EDIT scrap2/controllers/default.py: 1
[2016-07-28 15:27:41] EDIT scrap2/controllers/default.py: 0
[2016-07-28 15:27:54] EDIT scrap2/controllers/default.py: 0
[2016-07-28 15:28:10] EDIT scrap2/controllers/default.py: 0
[2016-07-28 15:28:25] EDIT scrap2/controllers/default.py: 0
[2016-07-28 15:28:34] EDIT scrap2/controllers/default.py: 0
[2016-07-28 15:29:07] EDIT scrap2/controllers/default.py: -1
[2016-07-28 15:29:45] EDIT scrap2/controllers/default.py: 1
[2016-07-28 15:29:55] EDIT scrap2/controllers/default.py: 0
[2016-07-28 15:30:22] EDIT scrap2/controllers/default.py: 0
[2016-07-28 15:31:06] EDIT scrap2/controllers/default.py: 1
[2016-07-28 15:31:16] EDIT scrap2/controllers/default.py: 0
[2016-07-28 15:32:35] EDIT scrap2/controllers/default.py: 1
[2016-07-28 15:32:57] EDIT scrap2/controllers/default.py: 1
[2016-07-28 15:33:15] EDIT scrap2/controllers/default.py: 0
[2016-07-28 15:35:43] EDIT scrap2/controllers/default.py: -1
[2016-07-28 16:33:02] EDIT scrap2/controllers/default.py: 1
[2016-07-28 16:33:23] EDIT scrap2/controllers/default.py: 0
[2016-07-28 16:34:08] EDIT scrap2/controllers/default.py: 0
[2016-07-28 16:34:27] EDIT scrap2/controllers/default.py: 1
[2016-07-28 16:45:27] EDIT scrap2/controllers/default.py: 0
[2016-07-28 16:52:01] EDIT scrap2/controllers/default.py: 1
[2016-07-28 16:53:20] EDIT scrap2/controllers/default.py: 1
[2016-07-28 16:54:12] EDIT scrap2/controllers/default.py: 0
[2016-07-28 16:55:19] EDIT scrap2/controllers/default.py: 0
[2016-07-28 16:56:16] EDIT scrap2/controllers/default.py: 0
[2016-07-28 16:58:59] EDIT scrap2/models/db.py: 0
[2016-07-28 16:59:40] EDIT scrap2/models/db.py: 0
[2016-07-28 17:00:19] EDIT scrap2/controllers/default.py: 0
[2016-07-28 17:00:39] EDIT scrap2/controllers/default.py: 0
[2016-07-28 17:03:23] EDIT scrap2/controllers/default.py: 0
[2016-07-28 17:05:58] EDIT scrap2/controllers/default.py: 0
[2016-07-28 17:06:22] EDIT scrap2/controllers/default.py: 0
[2016-07-28 17:06:47] EDIT scrap2/controllers/default.py: 0
[2016-07-29 14:54:46] EDIT scrap2/views/default/display_form.html: 1
[2016-07-29 14:55:09] EDIT scrap2/views/default/display_form.html: 0
[2016-07-29 14:55:23] EDIT scrap2/views/default/display_form.html: -1
[2016-07-29 14:58:25] EDIT scrap2/views/default/display_form.html: 1
[2016-07-29 14:59:09] EDIT scrap2/views/default/display_form.html: 0
[2016-07-29 14:59:21] EDIT scrap2/views/default/display_form.html: 0
[2016-07-29 15:00:26] EDIT scrap2/views/default/display_form.html: 0
[2016-07-29 15:00:47] EDIT scrap2/views/default/display_form.html: 3
[2016-07-29 15:04:04] EDIT scrap2/views/default/display_form.html: 0
[2016-07-29 15:08:47] EDIT scrap2/views/default/display_form.html: -1
[2016-07-29 15:08:57] EDIT scrap2/views/default/display_form.html: -1
[2016-07-29 15:09:14] EDIT scrap2/views/default/display_form.html: -1
[2016-07-29 15:09:24] EDIT scrap2/views/default/display_form.html: 0
[2016-07-29 15:09:51] EDIT scrap2/views/default/display_form.html: 0
[2016-07-29 15:09:52] EDIT scrap2/views/default/display_form.html: 0
[2016-07-29 15:10:00] EDIT scrap2/views/default/display_form.html: 0
[2016-07-29 15:10:13] EDIT scrap2/views/default/display_form.html: 0
[2016-07-29 15:22:06] EDIT scrap2/views/default/display_form.html: -1
[2016-07-29 15:23:21] EDIT scrap2/views/default/display_form.html: 0
[2016-07-29 15:23:59] EDIT scrap2/views/default/display_form.html: 0
[2016-07-29 15:24:08] EDIT scrap2/views/default/display_form.html: 0
[2016-07-29 15:24:33] EDIT scrap2/views/default/display_form.html: 0
[2016-07-29 15:24:36] EDIT scrap2/views/default/display_form.html: 0
[2016-07-29 15:25:05] EDIT scrap2/views/default/display_form.html: 0
[2016-07-29 15:25:15] EDIT scrap2/views/default/display_form.html: 0
[2016-07-29 15:25:23] EDIT scrap2/views/default/display_form.html: 0
[2016-07-29 15:44:55] EDIT scrap2/views/default/display_form.html: 0
[2016-07-29 15:45:14] EDIT scrap2/views/default/display_form.html: 1
[2016-07-29 15:45:22] EDIT scrap2/views/default/display_form.html: 0
[2016-07-29 15:45:36] EDIT scrap2/views/default/display_form.html: 0
[2016-08-01 09:45:16] EDIT scrap2/controllers/default.py: -1
[2016-08-01 09:45:34] EDIT scrap2/controllers/default.py: 1
[2016-08-01 09:46:01] EDIT scrap2/controllers/default.py: 0
[2016-08-01 09:46:51] EDIT scrap2/controllers/default.py: 0
[2016-08-01 09:52:21] EDIT scrap2/controllers/default.py: 0
[2016-08-01 09:54:04] EDIT scrap2/controllers/default.py: 0
[2016-08-01 09:55:59] EDIT scrap2/modules/lib_lkb/compute_high_level_func.py: 0
[2016-08-01 09:56:08] EDIT scrap2/modules/lib_lkb/compute_high_level_func.py: -1
[2016-08-01 09:56:14] EDIT scrap2/modules/lib_lkb/compute_high_level_func.py: -1
[2016-08-01 09:56:20] EDIT scrap2/modules/lib_lkb/xl_func.py: -1
[2016-08-01 09:56:24] EDIT scrap2/modules/lib_lkb/xl_func.py: -1
[2016-08-01 09:56:28] EDIT scrap2/modules/lib_lkb/xl_func.py: -1
[2016-08-01 09:56:58] EDIT scrap2/controllers/default.py: 0
[2016-08-01 10:19:32] EDIT scrap2/views/default/display_form.html: 1
[2016-08-01 10:19:41] EDIT scrap2/views/default/display_form.html: -1
[2016-08-01 10:19:44] EDIT scrap2/views/default/display_form.html: 0
[2016-08-01 10:26:38] EDIT scrap2/views/default/display_form.html: 0
[2016-08-01 10:26:59] EDIT scrap2/views/default/display_form.html: 1
[2016-08-01 10:27:40] EDIT scrap2/views/default/display_form.html: 0
[2016-08-01 10:27:47] EDIT scrap2/views/default/display_form.html: -2
[2016-08-01 10:29:50] EDIT scrap2/static/css/web2py.css: 0
[2016-08-01 10:30:18] EDIT scrap2/static/css/web2py.css: 0
[2016-08-01 10:34:24] EDIT scrap2/static/css/web2py-bootstrap3.css: 0
[2016-08-01 10:34:38] EDIT scrap2/static/css/web2py-bootstrap3.css: 0
[2016-08-01 10:34:52] EDIT scrap2/static/css/web2py-bootstrap3.css: 0
[2016-08-01 10:35:19] EDIT scrap2/static/css/web2py-bootstrap3.css: 0
[2016-08-01 10:36:31] EDIT scrap2/static/css/web2py-bootstrap3.css: 0
[2016-08-01 10:36:49] EDIT scrap2/static/css/web2py-bootstrap3.css: 0
[2016-08-01 10:37:48] EDIT scrap2/static/css/web2py.css: 0
[2016-08-01 10:38:02] EDIT scrap2/static/css/web2py.css: 0
[2016-08-01 10:40:01] EDIT scrap2/static/css/web2py-bootstrap3.css: 0
[2016-08-01 11:05:21] EDIT scrap2/static/css/web2py-bootstrap3.css: -10
[2016-08-01 11:05:58] EDIT scrap2/static/css/web2py-bootstrap3.css: 10
[2016-08-01 11:08:18] EDIT scrap2/models/menu.py: -1
[2016-08-01 11:11:12] EDIT scrap2/models/menu.py: 1
[2016-08-01 11:11:34] EDIT scrap2/models/menu.py: 0
[2016-08-01 11:11:56] EDIT scrap2/models/menu.py: 0
[2016-08-01 11:12:01] EDIT scrap2/models/menu.py: 0
[2016-08-01 11:12:28] EDIT scrap2/models/menu.py: 0
[2016-08-01 11:13:06] EDIT scrap2/models/menu.py: 1
[2016-08-01 11:13:33] EDIT scrap2/models/menu.py: -1
[2016-08-01 11:13:41] EDIT scrap2/models/menu.py: 1
[2016-08-01 11:13:48] EDIT scrap2/models/menu.py: 0
[2016-08-01 11:17:14] EDIT scrap2/models/menu.py: -1
[2016-08-01 11:17:20] EDIT scrap2/models/menu.py: 0
[2016-08-01 11:17:34] EDIT scrap2/models/menu.py: 0
[2016-08-01 11:22:22] EDIT scrap2/models/menu.py: 0
[2016-08-01 11:22:32] EDIT scrap2/models/menu.py: 0
[2016-08-01 11:22:57] EDIT scrap2/models/menu.py: 0
[2016-08-01 11:23:28] EDIT scrap2/models/menu.py: 0
[2016-08-01 11:23:42] EDIT scrap2/models/menu.py: 0
[2016-08-01 14:40:57] EDIT scrap2/controllers/default.py: 0
[2016-08-01 14:40:59] EDIT scrap2/controllers/default.py: 0
[2016-08-01 14:45:12] EDIT scrap2/models/menu.py: 0
[2016-08-01 14:46:04] CREATE Menu_scrap.py: 0
[2016-08-01 14:47:40] EDIT scrap2/models/menu.py: -61
[2016-08-01 14:47:46] EDIT scrap2/models/menu.py: 0
[2016-08-01 14:48:14] EDIT scrap2/models/menu.py: -30
[2016-08-01 14:48:45] EDIT scrap2/models/menu.py: 30
[2016-08-01 14:49:09] EDIT scrap2/models/menu.py: 1
[2016-08-01 14:51:31] EDIT scrap2/views/default/index.html: -7
[2016-08-01 14:51:41] EDIT scrap2/views/default/index.html: 0
[2016-08-01 14:52:18] EDIT scrap2/views/default/index.html: 0
[2016-08-01 15:09:02] EDIT scrap2/models/db.py: 14
[2016-08-01 15:10:49] CREATE default/job_up.html: 0
[2016-08-01 15:11:02] EDIT scrap2/views/default/job_up.html: -1
[2016-08-01 15:11:10] EDIT scrap2/controllers/default.py: 9
[2016-08-01 15:11:23] EDIT scrap2/controllers/default.py: 0
[2016-08-01 15:12:28] EDIT scrap2/controllers/default.py: 0
[2016-08-01 15:13:15] EDIT scrap2/controllers/default.py: 0
[2016-08-01 15:14:27] EDIT scrap2/controllers/default.py: 0
[2016-08-01 15:14:59] EDIT scrap2/models/db.py: 0
[2016-08-01 15:15:29] EDIT scrap2/models/db.py: 0
[2016-08-01 15:15:56] EDIT scrap2/controllers/default.py: 0
[2016-08-01 15:16:44] EDIT scrap2/controllers/default.py: 0
[2016-08-01 15:17:08] EDIT scrap2/controllers/default.py: 0
[2016-08-01 15:17:11] EDIT scrap2/controllers/default.py: 0
[2016-08-01 15:17:41] EDIT scrap2/models/menu.py: 0
[2016-08-01 15:26:25] EDIT scrap2/models/db.py: -1
[2016-08-01 15:26:29] EDIT scrap2/models/db.py: 0
[2016-08-01 15:28:31] EDIT scrap2/models/db.py: 0
[2016-08-01 15:29:48] EDIT scrap2/models/db.py: 0
[2016-08-01 15:34:47] EDIT scrap2/models/db.py: 0
[2016-08-01 16:14:38] EDIT scrap2/static/css/web2py-bootstrap3.css: -5
[2016-08-01 16:15:31] EDIT scrap2/static/css/web2py-bootstrap3.css: -8
[2016-08-01 16:16:58] EDIT scrap2/static/css/web2py-bootstrap3.css: -5
[2016-08-01 16:17:24] EDIT scrap2/static/css/web2py-bootstrap3.css: 0
[2016-08-01 16:19:42] EDIT scrap2/views/layout.html: -9
[2016-08-01 16:19:59] EDIT scrap2/views/layout.html: 0
[2016-08-01 16:20:33] EDIT scrap2/static/css/web2py-bootstrap3.css: 18
[2016-08-01 16:30:21] EDIT scrap2/models/menu.py: 0
[2016-08-01 16:30:38] EDIT scrap2/models/menu.py: 0
[2016-08-01 16:30:51] EDIT scrap2/models/menu.py: 0
[2016-08-01 16:31:02] EDIT scrap2/models/menu.py: 0
[2016-08-01 16:49:43] EDIT scrap2/controllers/default.py: 0
[2016-08-01 17:42:21] EDIT scrap2/views/default/index.html: 3
[2016-08-01 17:43:16] EDIT scrap2/views/default/index.html: 3
[2016-08-01 17:43:36] EDIT scrap2/views/default/index.html: -6
[2016-08-01 17:48:02] EDIT scrap2/views/default/job_up.html: 0
[2016-08-01 17:48:16] EDIT scrap2/views/default/job_up.html: 1
[2016-08-01 17:49:04] EDIT scrap2/views/default/job_up.html: -1
[2016-08-01 17:49:33] EDIT scrap2/views/default/job_up.html: 0
[2016-08-01 17:49:46] EDIT scrap2/views/default/job_up.html: 0
[2016-08-01 17:50:01] EDIT scrap2/views/default/job_up.html: 0
[2016-08-01 17:51:07] EDIT scrap2/views/default/job_up.html: 0
[2016-08-01 17:51:58] EDIT scrap2/controllers/default.py: 1
[2016-08-01 17:52:17] EDIT scrap2/controllers/default.py: -1
[2016-08-01 17:52:34] EDIT scrap2/controllers/default.py: 0
[2016-08-01 17:52:40] EDIT scrap2/controllers/default.py: 0
[2016-08-01 17:52:50] EDIT scrap2/controllers/default.py: 0
[2016-08-01 17:52:55] EDIT scrap2/controllers/default.py: 0
[2016-08-01 17:53:03] EDIT scrap2/controllers/default.py: 0
[2016-08-01 17:53:23] EDIT scrap2/controllers/default.py: 0
[2016-08-01 17:53:30] EDIT scrap2/controllers/default.py: 0
[2016-08-01 17:53:46] EDIT scrap2/controllers/default.py: 0
[2016-08-01 17:54:34] EDIT scrap2/controllers/default.py: 0
[2016-08-01 17:54:39] EDIT scrap2/controllers/default.py: 0
[2016-08-01 17:54:45] EDIT scrap2/controllers/default.py: 0
[2016-08-02 09:26:07] EDIT scrap2/models/db.py: 0
[2016-08-02 09:30:29] EDIT scrap2/controllers/default.py: 0
[2016-08-02 09:31:35] EDIT scrap2/controllers/default.py: 0
[2016-08-02 09:32:10] EDIT scrap2/controllers/default.py: 0
[2016-08-02 09:32:16] EDIT scrap2/controllers/default.py: 0
[2016-08-02 09:32:33] EDIT scrap2/controllers/default.py: 0
[2016-08-02 09:33:02] EDIT scrap2/controllers/default.py: 1
[2016-08-02 09:33:11] EDIT scrap2/controllers/default.py: -1
[2016-08-02 09:33:22] EDIT scrap2/controllers/default.py: 0
[2016-08-02 09:33:32] EDIT scrap2/controllers/default.py: 0
[2016-08-02 09:33:44] EDIT scrap2/controllers/default.py: 0
[2016-08-02 09:33:59] EDIT scrap2/controllers/default.py: 0
[2016-08-02 09:34:18] EDIT scrap2/controllers/default.py: 0
[2016-08-02 09:34:30] EDIT scrap2/controllers/default.py: 0
[2016-08-02 09:34:41] EDIT scrap2/controllers/default.py: 0
[2016-08-02 09:34:46] EDIT scrap2/controllers/default.py: 0
[2016-08-02 09:35:20] EDIT scrap2/controllers/default.py: 0
[2016-08-02 09:35:33] EDIT scrap2/controllers/default.py: 0
[2016-08-02 09:36:58] EDIT scrap2/controllers/default.py: 0
[2016-08-02 09:38:47] EDIT scrap2/controllers/default.py: 1
[2016-08-02 09:38:57] EDIT scrap2/controllers/default.py: 0
[2016-08-02 09:39:06] EDIT scrap2/controllers/default.py: 0
[2016-08-02 09:39:23] EDIT scrap2/controllers/default.py: 0
[2016-08-02 09:39:28] EDIT scrap2/controllers/default.py: 0
[2016-08-02 09:40:32] EDIT scrap2/controllers/default.py: 0
[2016-08-02 09:43:44] EDIT scrap2/views/default/job_up.html: 1
[2016-08-02 09:44:20] EDIT scrap2/views/default/job_up.html: -1
[2016-08-02 09:44:29] EDIT scrap2/controllers/default.py: 1
[2016-08-02 09:44:44] EDIT scrap2/controllers/default.py: 0
[2016-08-02 09:46:03] EDIT scrap2/controllers/default.py: 0
[2016-08-02 09:46:30] EDIT scrap2/controllers/default.py: 0
[2016-08-02 09:47:09] EDIT scrap2/controllers/default.py: -1
[2016-08-02 09:52:12] EDIT scrap2/models/db.py: 0
[2016-08-02 09:53:52] EDIT scrap2/models/db.py: 1
[2016-08-02 09:54:13] EDIT scrap2/models/db.py: 0
[2016-08-02 09:54:33] EDIT scrap2/models/db.py: -1
[2016-08-02 09:54:39] EDIT scrap2/models/db.py: 1
[2016-08-02 09:54:50] EDIT scrap2/models/db.py: 0
[2016-08-02 09:54:51] EDIT scrap2/models/db.py: 0
[2016-08-02 09:54:56] EDIT scrap2/models/db.py: 0
[2016-08-02 09:55:07] EDIT scrap2/models/db.py: 0
[2016-08-02 09:55:29] EDIT scrap2/models/db.py: 0
[2016-08-02 09:55:41] EDIT scrap2/models/db.py: 0
[2016-08-02 14:46:46] EDIT scrap2/controllers/default.py: 0
[2016-08-02 14:47:00] EDIT scrap2/controllers/default.py: -1
[2016-08-02 14:47:25] EDIT scrap2/controllers/default.py: 0
[2016-08-02 14:47:46] EDIT scrap2/controllers/default.py: 0
[2016-08-02 14:48:30] EDIT scrap2/views/default/index.html: 4
[2016-08-02 14:48:47] EDIT scrap2/views/default/index.html: -4
[2016-08-02 14:49:35] EDIT scrap2/views/default/index.html: 0
[2016-08-02 15:23:35] EDIT scrap2/controllers/default.py: 0
[2016-08-02 15:23:45] EDIT scrap2/views/default/test_crud.html: 0
[2016-08-02 15:24:28] EDIT scrap2/controllers/default.py: 0
[2016-08-02 15:40:15] EDIT scrap2/models/db.py: -1
[2016-08-02 15:53:51] EDIT scrap2/controllers/default.py: 0
[2016-08-02 15:54:14] EDIT scrap2/controllers/default.py: 0
